jobbe-android-master/app/build/outputs/logs/manifest-merger-release-report.txt
-- Merging decision tree log ---
manifest
ADDED from src/main/AndroidManifest.xml:2:1-286:12
	package
		ADDED from src/main/AndroidManifest.xml:3:5-45
		INJECTED from src/main/AndroidManifest.xml
		INJECTED from src/main/AndroidManifest.xml
	android:versionName
		INJECTED from src/main/AndroidManifest.xml
		INJECTED from src/main/AndroidManifest.xml
	xmlns:android
		ADDED from src/main/AndroidManifest.xml:2:11-69
	android:versionCode
		INJECTED from src/main/AndroidManifest.xml
		INJECTED from src/main/AndroidManifest.xml
uses-permission#android.permission.INTERNET
ADDED from src/main/AndroidManifest.xml:5:5-67
MERGED from [com.google.android.gms:play-services-ads:8.4.0] AndroidManifest.xml:20:5-66
MERGED from [com.google.android.gms:play-services-analytics:8.4.0] AndroidManifest.xml:21:5-67
MERGED from [com.google.android.gms:play-services-appinvite:8.4.0] AndroidManifest.xml:19:5-67
MERGED from [com.google.android.gms:play-services-maps:8.4.0] AndroidManifest.xml:21:5-66
MERGED from [com.google.android.gms:play-services-gcm:8.4.0] AndroidManifest.xml:22:5-67
MERGED from [com.google.android.gms:play-services-measurement:8.4.0] AndroidManifest.xml:21:5-67
	android:name
		ADDED from src/main/AndroidManifest.xml:5:22-64
uses-permission#android.permission.ACCESS_NETWORK_STATE
ADDED from src/main/AndroidManifest.xml:6:5-79
MERGED from [com.google.android.gms:play-services-ads:8.4.0] AndroidManifest.xml:21:5-78
MERGED from [com.google.android.gms:play-services-analytics:8.4.0] AndroidManifest.xml:22:5-79
MERGED from [com.google.android.gms:play-services-maps:8.4.0] AndroidManifest.xml:20:5-78
MERGED from [com.google.android.gms:play-services-measurement:8.4.0] AndroidManifest.xml:22:5-79
MERGED from [com.google.android.gms:play-services-nearby:8.4.0] AndroidManifest.xml:19:5-79
	android:name
		ADDED from src/main/AndroidManifest.xml:6:22-76
uses-permission#android.permission.WRITE_EXTERNAL_STORAGE
ADDED from src/main/AndroidManifest.xml:7:5-81
	android:name
		ADDED from src/main/AndroidManifest.xml:7:22-78
uses-permission#android.permission.READ_EXTERNAL_STORAGE
ADDED from src/main/AndroidManifest.xml:8:5-80
	android:name
		ADDED from src/main/AndroidManifest.xml:8:22-77
uses-permission#com.google.android.providers.gsf.permission.READ_GSERVICES
ADDED from src/main/AndroidManifest.xml:9:5-98
	android:name
		ADDED from src/main/AndroidManifest.xml:9:22-95
uses-permission#android.permission.CALL_PHONE
ADDED from src/main/AndroidManifest.xml:10:5-69
	android:name
		ADDED from src/main/AndroidManifest.xml:10:22-66
uses-permission#android.permission.READ_SMS
ADDED from src/main/AndroidManifest.xml:12:5-67
	android:name
		ADDED from src/main/AndroidManifest.xml:12:22-64
uses-permission#android.permission.RECEIVE_SMS
ADDED from src/main/AndroidManifest.xml:13:5-70
	android:name
		ADDED from src/main/AndroidManifest.xml:13:22-67
uses-permission#android.permission.ACCESS_COARSE_LOCATION
ADDED from src/main/AndroidManifest.xml:19:5-81
	android:name
		ADDED from src/main/AndroidManifest.xml:19:22-78
uses-permission#android.permission.ACCESS_FINE_LOCATION
ADDED from src/main/AndroidManifest.xml:20:5-79
	android:name
		ADDED from src/main/AndroidManifest.xml:20:22-76
uses-permission#android.permission.WAKE_LOCK
ADDED from src/main/AndroidManifest.xml:23:5-68
MERGED from [com.google.android.gms:play-services-measurement:8.4.0] AndroidManifest.xml:24:5-67
	android:name
		ADDED from src/main/AndroidManifest.xml:23:22-65
uses-permission#android.permission.VIBRATE
ADDED from src/main/AndroidManifest.xml:24:5-66
	android:name
		ADDED from src/main/AndroidManifest.xml:24:22-63
uses-permission#android.permission.GET_ACCOUNTS
ADDED from src/main/AndroidManifest.xml:25:5-71
	android:name
		ADDED from src/main/AndroidManifest.xml:25:22-68
uses-permission#com.google.android.c2dm.permission.RECEIVE
ADDED from src/main/AndroidManifest.xml:26:5-82
MERGED from [com.google.android.gms:play-services-gcm:8.4.0] AndroidManifest.xml:21:5-82
	android:name
		ADDED from src/main/AndroidManifest.xml:26:22-79
uses-feature#android.hardware.camera
ADDED from src/main/AndroidManifest.xml:29:5-60
	android:name
		ADDED from src/main/AndroidManifest.xml:29:19-57
uses-permission#android.permission.CAMERA
ADDED from src/main/AndroidManifest.xml:31:5-65
	android:name
		ADDED from src/main/AndroidManifest.xml:31:22-62
uses-permission#com.sec.android.provider.badge.permission.READ
ADDED from src/main/AndroidManifest.xml:34:5-86
MERGED from [com.github.arturogutierrez:badges:1.0.5] AndroidManifest.xml:10:5-86
	android:name
		ADDED from src/main/AndroidManifest.xml:34:22-83
uses-permission#com.sec.android.provider.badge.permission.WRITE
ADDED from src/main/AndroidManifest.xml:35:5-87
MERGED from [com.github.arturogutierrez:badges:1.0.5] AndroidManifest.xml:11:5-87
	android:name
		ADDED from src/main/AndroidManifest.xml:35:22-84
uses-permission#com.sonyericsson.home.permission.BROADCAST_BADGE
ADDED from src/main/AndroidManifest.xml:38:5-88
MERGED from [com.github.arturogutierrez:badges:1.0.5] AndroidManifest.xml:14:5-88
	android:name
		ADDED from src/main/AndroidManifest.xml:38:22-85
uses-permission#com.htc.launcher.permission.READ_SETTINGS
ADDED from src/main/AndroidManifest.xml:41:5-81
MERGED from [com.github.arturogutierrez:badges:1.0.5] AndroidManifest.xml:17:5-81
	android:name
		ADDED from src/main/AndroidManifest.xml:41:22-78
uses-permission#com.htc.launcher.permission.UPDATE_SHORTCUT
ADDED from src/main/AndroidManifest.xml:42:5-83
MERGED from [com.github.arturogutierrez:badges:1.0.5] AndroidManifest.xml:18:5-83
	android:name
		ADDED from src/main/AndroidManifest.xml:42:22-80
permission#com.division70.jobbe.jobbe_git.permission.C2D_MESSAGE
ADDED from src/main/AndroidManifest.xml:47:5-48:80
	android:protectionLevel
		ADDED from src/main/AndroidManifest.xml:47:17-52
	android:name
		ADDED from src/main/AndroidManifest.xml:48:9-77
uses-permission#com.division70.jobbe.jobbe_git.permission.C2D_MESSAGE
ADDED from src/main/AndroidManifest.xml:49:5-93
	android:name
		ADDED from src/main/AndroidManifest.xml:49:22-90
application
ADDED from src/main/AndroidManifest.xml:52:5-284:19
MERGED from [com.google.android.gms:play-services:8.4.0] AndroidManifest.xml:19:5-20
MERGED from [com.google.android.gms:play-services-ads:8.4.0] AndroidManifest.xml:24:5-32:19
MERGED from [com.google.android.gms:play-services-basement:8.4.0] AndroidManifest.xml:20:5-24:19
MERGED from [com.android.support:support-v4:23.2.1] AndroidManifest.xml:22:5-20
MERGED from [com.google.android.gms:play-services-analytics:8.4.0] AndroidManifest.xml:24:5-20
MERGED from [com.google.android.gms:play-services-appindexing:8.4.0] AndroidManifest.xml:19:5-20
MERGED from [com.google.android.gms:play-services-appinvite:8.4.0] AndroidManifest.xml:20:5-30:19
MERGED from [com.google.android.gms:play-services-appstate:8.4.0] AndroidManifest.xml:19:5-20
MERGED from [com.google.android.gms:play-services-auth:8.4.0] AndroidManifest.xml:20:5-32:19
MERGED from [com.google.android.gms:play-services-cast:8.4.0] AndroidManifest.xml:19:5-20
MERGED from [com.android.support:mediarouter-v7:23.0.0] AndroidManifest.xml:22:5-20
MERGED from [com.android.support:appcompat-v7:23.2.1] AndroidManifest.xml:25:5-20
MERGED from [com.android.support:animated-vector-drawable:23.2.1] AndroidManifest.xml:7:5-20
MERGED from [com.android.support:support-vector-drawable:23.2.1] AndroidManifest.xml:7:5-20
MERGED from [com.google.android.gms:play-services-drive:8.4.0] AndroidManifest.xml:19:5-20
MERGED from [com.google.android.gms:play-services-fitness:8.4.0] AndroidManifest.xml:19:5-20
MERGED from [com.google.android.gms:play-services-location:8.4.0] AndroidManifest.xml:19:5-20
MERGED from [com.google.android.gms:play-services-maps:8.4.0] AndroidManifest.xml:27:5-20
MERGED from [com.google.android.gms:play-services-games:8.4.0] AndroidManifest.xml:19:5-20
MERGED from [com.google.android.gms:play-services-gcm:8.4.0] AndroidManifest.xml:24:5-20
MERGED from [com.google.android.gms:play-services-measurement:8.4.0] AndroidManifest.xml:26:5-46:19
MERGED from [com.google.android.gms:play-services-identity:8.4.0] AndroidManifest.xml:19:5-20
MERGED from [com.google.android.gms:play-services-nearby:8.4.0] AndroidManifest.xml:20:5-20
MERGED from [com.google.android.gms:play-services-panorama:8.4.0] AndroidManifest.xml:19:5-20
MERGED from [com.google.android.gms:play-services-plus:8.4.0] AndroidManifest.xml:19:5-20
MERGED from [com.google.android.gms:play-services-safetynet:8.4.0] AndroidManifest.xml:19:5-20
MERGED from [com.google.android.gms:play-services-vision:8.4.0] AndroidManifest.xml:5:5-20
MERGED from [com.google.android.gms:play-services-wearable:8.4.0] AndroidManifest.xml:19:5-20
MERGED from [com.venmo.view.tooltip:tooltip:0.1.2] AndroidManifest.xml:10:5-20
	android:label
		ADDED from src/main/AndroidManifest.xml:56:9-41
	android:allowBackup
		ADDED from src/main/AndroidManifest.xml:54:9-35
	android:icon
		ADDED from src/main/AndroidManifest.xml:55:9-42
	android:theme
		ADDED from src/main/AndroidManifest.xml:57:9-40
	android:name
		ADDED from src/main/AndroidManifest.xml:53:9-41
activity#com.division70.jobbe.jobbe_git.MainActivity
ADDED from src/main/AndroidManifest.xml:58:9-63:20
	android:screenOrientation
		ADDED from src/main/AndroidManifest.xml:62:13-49
	android:label
		ADDED from src/main/AndroidManifest.xml:60:13-45
	android:theme
		ADDED from src/main/AndroidManifest.xml:61:13-72
	android:name
		ADDED from src/main/AndroidManifest.xml:59:13-41
activity#com.division70.jobbe.jobbe_git.SplashActivity
ADDED from src/main/AndroidManifest.xml:64:9-74:20
	android:screenOrientation
		ADDED from src/main/AndroidManifest.xml:67:13-49
	android:noHistory
		ADDED from src/main/AndroidManifest.xml:66:13-37
	android:theme
		ADDED from src/main/AndroidManifest.xml:68:13-47
	android:name
		ADDED from src/main/AndroidManifest.xml:65:13-43
intent-filter#android.intent.action.MAIN+android.intent.category.LAUNCHER
ADDED from src/main/AndroidManifest.xml:69:13-73:29
action#android.intent.action.MAIN
ADDED from src/main/AndroidManifest.xml:70:17-69
	android:name
		ADDED from src/main/AndroidManifest.xml:70:25-66
category#android.intent.category.LAUNCHER
ADDED from src/main/AndroidManifest.xml:72:17-77
	android:name
		ADDED from src/main/AndroidManifest.xml:72:27-74
activity#com.division70.jobbe.jobbe_git.FirstActivity
ADDED from src/main/AndroidManifest.xml:75:9-78:39
	android:screenOrientation
		ADDED from src/main/AndroidManifest.xml:77:13-49
	android:noHistory
		ADDED from src/main/AndroidManifest.xml:78:13-37
	android:theme
		ADDED from src/main/AndroidManifest.xml:76:13-61
	android:name
		ADDED from src/main/AndroidManifest.xml:75:19-48
activity#com.division70.jobbe.jobbe_git.EmptyCustomerHomeActivity
ADDED from src/main/AndroidManifest.xml:79:9-80:51
	android:screenOrientation
		ADDED from src/main/AndroidManifest.xml:80:13-49
	android:name
		ADDED from src/main/AndroidManifest.xml:79:19-60
activity#com.division70.jobbe.jobbe_git.JobChooserActivity
ADDED from src/main/AndroidManifest.xml:81:9-84:51
	android:screenOrientation
		ADDED from src/main/AndroidManifest.xml:84:13-49
	android:windowSoftInputMode
		ADDED from src/main/AndroidManifest.xml:83:13-54
	android:name
		ADDED from src/main/AndroidManifest.xml:82:13-47
activity#com.division70.jobbe.jobbe_git.CreateSupplierActivity
ADDED from src/main/AndroidManifest.xml:85:9-87:51
	android:screenOrientation
		ADDED from src/main/AndroidManifest.xml:87:13-49
	android:configChanges
		ADDED from src/main/AndroidManifest.xml:86:13-59
	android:name
		ADDED from src/main/AndroidManifest.xml:85:19-57
activity#com.division70.jobbe.jobbe_git.ConfirmationCodeActivity
ADDED from src/main/AndroidManifest.xml:88:9-91:51
	android:screenOrientation
		ADDED from src/main/AndroidManifest.xml:91:13-49
	android:windowSoftInputMode
		ADDED from src/main/AndroidManifest.xml:90:13-55
	android:name
		ADDED from src/main/AndroidManifest.xml:89:13-53
activity#com.division70.jobbe.jobbe_git.CreateCustomerActivity
ADDED from src/main/AndroidManifest.xml:92:9-96:51
	android:screenOrientation
		ADDED from src/main/AndroidManifest.xml:96:13-49
	android:windowSoftInputMode
		ADDED from src/main/AndroidManifest.xml:94:13-68
	android:configChanges
		ADDED from src/main/AndroidManifest.xml:95:13-59
	android:name
		ADDED from src/main/AndroidManifest.xml:93:13-51
activity#com.division70.jobbe.jobbe_git.PhoneNumberActivity
ADDED from src/main/AndroidManifest.xml:97:9-100:51
	android:screenOrientation
		ADDED from src/main/AndroidManifest.xml:100:13-49
	android:windowSoftInputMode
		ADDED from src/main/AndroidManifest.xml:99:13-55
	android:name
		ADDED from src/main/AndroidManifest.xml:98:13-48
activity#com.division70.jobbe.jobbe_git.SwitchRoleActivity
ADDED from src/main/AndroidManifest.xml:101:9-102:51
	android:screenOrientation
		ADDED from src/main/AndroidManifest.xml:102:13-49
	android:name
		ADDED from src/main/AndroidManifest.xml:101:19-53
activity#com.division70.jobbe.jobbe_git.LoginCodeActivity
ADDED from src/main/AndroidManifest.xml:103:9-106:51
	android:screenOrientation
		ADDED from src/main/AndroidManifest.xml:106:13-49
	android:windowSoftInputMode
		ADDED from src/main/AndroidManifest.xml:105:13-55
	android:name
		ADDED from src/main/AndroidManifest.xml:104:13-46
activity#com.division70.jobbe.jobbe_git.LoginPhoneActivity
ADDED from src/main/AndroidManifest.xml:107:9-110:51
	android:screenOrientation
		ADDED from src/main/AndroidManifest.xml:110:13-49
	android:windowSoftInputMode
		ADDED from src/main/AndroidManifest.xml:109:13-55
	android:name
		ADDED from src/main/AndroidManifest.xml:108:13-47
activity#com.division70.jobbe.jobbe_git.EmptySupplierHomeActivity
ADDED from src/main/AndroidManifest.xml:111:9-112:51
	android:screenOrientation
		ADDED from src/main/AndroidManifest.xml:112:13-49
	android:name
		ADDED from src/main/AndroidManifest.xml:111:19-60
activity#com.division70.jobbe.jobbe_git.ZoneChooserActivity
ADDED from src/main/AndroidManifest.xml:113:9-114:51
	android:screenOrientation
		ADDED from src/main/AndroidManifest.xml:114:13-49
	android:name
		ADDED from src/main/AndroidManifest.xml:113:19-54
activity#com.division70.jobbe.jobbe_git.ZoneRecapActivity
ADDED from src/main/AndroidManifest.xml:115:9-116:51
	android:screenOrientation
		ADDED from src/main/AndroidManifest.xml:116:13-49
	android:name
		ADDED from src/main/AndroidManifest.xml:115:19-52
activity#com.division70.jobbe.jobbe_git.SettingsClientActivity
ADDED from src/main/AndroidManifest.xml:117:9-118:51
	android:screenOrientation
		ADDED from src/main/AndroidManifest.xml:118:13-49
	android:name
		ADDED from src/main/AndroidManifest.xml:117:19-57
activity#com.division70.jobbe.jobbe_git.WebViewActivity
ADDED from src/main/AndroidManifest.xml:119:9-120:51
	android:screenOrientation
		ADDED from src/main/AndroidManifest.xml:120:13-49
	android:name
		ADDED from src/main/AndroidManifest.xml:119:19-50
activity#com.division70.jobbe.jobbe_git.RequestCompletionActivity
ADDED from src/main/AndroidManifest.xml:121:9-122:51
	android:screenOrientation
		ADDED from src/main/AndroidManifest.xml:122:13-49
	android:name
		ADDED from src/main/AndroidManifest.xml:121:19-60
activity#com.division70.jobbe.jobbe_git.RequestTimingActivity
ADDED from src/main/AndroidManifest.xml:123:9-124:51
	android:screenOrientation
		ADDED from src/main/AndroidManifest.xml:124:13-49
	android:name
		ADDED from src/main/AndroidManifest.xml:123:19-56
activity#com.division70.jobbe.jobbe_git.CustomDateActivity
ADDED from src/main/AndroidManifest.xml:125:9-126:51
	android:screenOrientation
		ADDED from src/main/AndroidManifest.xml:126:13-49
	android:name
		ADDED from src/main/AndroidManifest.xml:125:19-53
activity#com.division70.jobbe.jobbe_git.CustomPlaceActivity
ADDED from src/main/AndroidManifest.xml:127:9-128:51
	android:screenOrientation
		ADDED from src/main/AndroidManifest.xml:128:13-49
	android:name
		ADDED from src/main/AndroidManifest.xml:127:19-54
activity#com.division70.jobbe.jobbe_git.RequestConfirmationActivity
ADDED from src/main/AndroidManifest.xml:129:9-130:51
	android:screenOrientation
		ADDED from src/main/AndroidManifest.xml:130:13-49
	android:name
		ADDED from src/main/AndroidManifest.xml:129:19-62
activity#com.division70.jobbe.jobbe_git.RequestRecapActivity
ADDED from src/main/AndroidManifest.xml:131:9-132:51
	android:screenOrientation
		ADDED from src/main/AndroidManifest.xml:132:13-49
	android:name
		ADDED from src/main/AndroidManifest.xml:131:19-55
activity#com.division70.jobbe.jobbe_git.EditClientUserDataActivity
ADDED from src/main/AndroidManifest.xml:133:9-135:56
	android:screenOrientation
		ADDED from src/main/AndroidManifest.xml:134:13-49
	android:windowSoftInputMode
		ADDED from src/main/AndroidManifest.xml:135:13-54
	android:name
		ADDED from src/main/AndroidManifest.xml:133:19-61
activity#com.division70.jobbe.jobbe_git.EditSupplierUserDataActivity
ADDED from src/main/AndroidManifest.xml:138:9-141:66
	android:screenOrientation
		ADDED from src/main/AndroidManifest.xml:139:13-49
	android:windowSoftInputMode
		ADDED from src/main/AndroidManifest.xml:141:13-64
	android:configChanges
		ADDED from src/main/AndroidManifest.xml:140:13-59
	android:name
		ADDED from src/main/AndroidManifest.xml:138:19-63
activity#com.division70.jobbe.jobbe_git.EditJobActivity
ADDED from src/main/AndroidManifest.xml:144:9-145:51
	android:screenOrientation
		ADDED from src/main/AndroidManifest.xml:145:13-49
	android:name
		ADDED from src/main/AndroidManifest.xml:144:19-50
activity#com.division70.jobbe.jobbe_git.EditJobZoneChooserActivity
ADDED from src/main/AndroidManifest.xml:146:9-147:51
	android:screenOrientation
		ADDED from src/main/AndroidManifest.xml:147:13-49
	android:name
		ADDED from src/main/AndroidManifest.xml:146:19-61
activity#com.division70.jobbe.jobbe_git.BidCreationActivity
ADDED from src/main/AndroidManifest.xml:148:9-150:51
	android:screenOrientation
		ADDED from src/main/AndroidManifest.xml:150:13-49
	android:windowSoftInputMode
		ADDED from src/main/AndroidManifest.xml:149:13-64
	android:name
		ADDED from src/main/AndroidManifest.xml:148:19-54
activity#com.division70.jobbe.jobbe_git.HomeClientActivity
ADDED from src/main/AndroidManifest.xml:152:9-153:51
	android:screenOrientation
		ADDED from src/main/AndroidManifest.xml:153:13-49
	android:name
		ADDED from src/main/AndroidManifest.xml:152:19-53
activity#com.division70.jobbe.jobbe_git.ProposalsListActivity
ADDED from src/main/AndroidManifest.xml:154:9-156:20
	android:screenOrientation
		ADDED from src/main/AndroidManifest.xml:155:13-49
	android:name
		ADDED from src/main/AndroidManifest.xml:154:19-56
activity#com.division70.jobbe.jobbe_git.BidRecapActivity
ADDED from src/main/AndroidManifest.xml:157:9-162:20
	android:screenOrientation
		ADDED from src/main/AndroidManifest.xml:158:13-49
	android:name
		ADDED from src/main/AndroidManifest.xml:157:19-51
meta-data#android.support.PARENT_ACTIVITY
ADDED from src/main/AndroidManifest.xml:159:13-161:58
	android:value
		ADDED from src/main/AndroidManifest.xml:161:17-55
	android:name
		ADDED from src/main/AndroidManifest.xml:160:17-63
activity#com.division70.jobbe.jobbe_git.HomeSupplierActivity
ADDED from src/main/AndroidManifest.xml:164:9-165:51
	android:screenOrientation
		ADDED from src/main/AndroidManifest.xml:165:13-49
	android:name
		ADDED from src/main/AndroidManifest.xml:164:19-55
activity#com.division70.jobbe.jobbe_git.AcceptedBidRecapSupplierActivity
ADDED from src/main/AndroidManifest.xml:166:9-171:20
	android:screenOrientation
		ADDED from src/main/AndroidManifest.xml:167:13-49
	android:name
		ADDED from src/main/AndroidManifest.xml:166:19-67
activity#com.division70.jobbe.jobbe_git.BidRecapSupplierActivity
ADDED from src/main/AndroidManifest.xml:172:9-177:20
	android:screenOrientation
		ADDED from src/main/AndroidManifest.xml:173:13-49
	android:name
		ADDED from src/main/AndroidManifest.xml:172:19-59
activity#com.division70.jobbe.jobbe_git.SupplierProfileActivity
ADDED from src/main/AndroidManifest.xml:178:9-184:20
	android:screenOrientation
		ADDED from src/main/AndroidManifest.xml:180:13-49
	android:exported
		ADDED from src/main/AndroidManifest.xml:179:13-36
	android:name
		ADDED from src/main/AndroidManifest.xml:178:19-58
activity#com.division70.jobbe.jobbe_git.RequestsArchiveActivity
ADDED from src/main/AndroidManifest.xml:186:9-187:51
	android:screenOrientation
		ADDED from src/main/AndroidManifest.xml:187:13-49
	android:name
		ADDED from src/main/AndroidManifest.xml:186:19-58
activity#com.division70.jobbe.jobbe_git.RequestsArchiveDetailsActivity
ADDED from src/main/AndroidManifest.xml:188:9-189:51
	android:screenOrientation
		ADDED from src/main/AndroidManifest.xml:189:13-49
	android:name
		ADDED from src/main/AndroidManifest.xml:188:19-65
activity#com.division70.jobbe.jobbe_git.JobUndoneActivity
ADDED from src/main/AndroidManifest.xml:190:9-192:51
	android:screenOrientation
		ADDED from src/main/AndroidManifest.xml:192:13-49
	android:windowSoftInputMode
		ADDED from src/main/AndroidManifest.xml:191:13-64
	android:name
		ADDED from src/main/AndroidManifest.xml:190:19-52
activity#com.division70.jobbe.jobbe_git.RequestsClientArchiveActivity
ADDED from src/main/AndroidManifest.xml:193:9-194:51
	android:screenOrientation
		ADDED from src/main/AndroidManifest.xml:194:13-49
	android:name
		ADDED from src/main/AndroidManifest.xml:193:19-64
activity#com.division70.jobbe.jobbe_git.JobCompletedActivity
ADDED from src/main/AndroidManifest.xml:195:9-197:51
	android:screenOrientation
		ADDED from src/main/AndroidManifest.xml:197:13-49
	android:theme
		ADDED from src/main/AndroidManifest.xml:196:13-72
	android:name
		ADDED from src/main/AndroidManifest.xml:195:19-55
activity#com.division70.jobbe.jobbe_git.SupplierReviewActivity
ADDED from src/main/AndroidManifest.xml:198:9-199:51
	android:screenOrientation
		ADDED from src/main/AndroidManifest.xml:199:13-49
	android:name
		ADDED from src/main/AndroidManifest.xml:198:19-57
activity#com.division70.jobbe.jobbe_git.JobNotCompletedActivity
ADDED from src/main/AndroidManifest.xml:200:9-202:51
	android:screenOrientation
		ADDED from src/main/AndroidManifest.xml:202:13-49
	android:theme
		ADDED from src/main/AndroidManifest.xml:201:13-72
	android:name
		ADDED from src/main/AndroidManifest.xml:200:19-58
activity#com.division70.jobbe.jobbe_git.GpsAlertActivity
ADDED from src/main/AndroidManifest.xml:203:9-205:51
	android:screenOrientation
		ADDED from src/main/AndroidManifest.xml:205:13-49
	android:theme
		ADDED from src/main/AndroidManifest.xml:204:13-72
	android:name
		ADDED from src/main/AndroidManifest.xml:203:19-51
activity#com.division70.jobbe.jobbe_git.AlertFromPushActivity
ADDED from src/main/AndroidManifest.xml:207:9-209:51
	android:screenOrientation
		ADDED from src/main/AndroidManifest.xml:209:13-49
	android:theme
		ADDED from src/main/AndroidManifest.xml:208:13-79
	android:name
		ADDED from src/main/AndroidManifest.xml:207:19-56
meta-data#com.google.android.gms.version
ADDED from src/main/AndroidManifest.xml:211:9-213:69
MERGED from [com.google.android.gms:play-services-basement:8.4.0] AndroidManifest.xml:21:9-23:69
	android:value
		ADDED from src/main/AndroidManifest.xml:213:13-66
	android:name
		ADDED from src/main/AndroidManifest.xml:212:13-58
meta-data#com.google.android.geo.API_KEY
ADDED from src/main/AndroidManifest.xml:214:9-216:55
	android:value
		ADDED from src/main/AndroidManifest.xml:216:13-52
	android:name
		ADDED from src/main/AndroidManifest.xml:215:13-58
activity#com.division70.jobbe.jobbe_git.AcceptedBidRecapClientActivity
ADDED from src/main/AndroidManifest.xml:218:9-219:51
	android:screenOrientation
		ADDED from src/main/AndroidManifest.xml:219:13-49
	android:name
		ADDED from src/main/AndroidManifest.xml:218:19-65
activity#com.division70.jobbe.jobbe_git.RelaxActivity
ADDED from src/main/AndroidManifest.xml:220:9-222:51
	android:screenOrientation
		ADDED from src/main/AndroidManifest.xml:222:13-49
	android:theme
		ADDED from src/main/AndroidManifest.xml:221:13-72
	android:name
		ADDED from src/main/AndroidManifest.xml:220:19-48
activity#com.division70.jobbe.jobbe_git.PushManagerActivity
ADDED from src/main/AndroidManifest.xml:224:9-228:51
	android:screenOrientation
		ADDED from src/main/AndroidManifest.xml:228:13-49
	android:noHistory
		ADDED from src/main/AndroidManifest.xml:227:13-37
	android:theme
		ADDED from src/main/AndroidManifest.xml:226:13-59
	android:name
		ADDED from src/main/AndroidManifest.xml:225:13-48
activity#com.division70.jobbe.jobbe_git.BiographyActivity
ADDED from src/main/AndroidManifest.xml:230:9-231:51
	android:screenOrientation
		ADDED from src/main/AndroidManifest.xml:231:13-49
	android:name
		ADDED from src/main/AndroidManifest.xml:230:19-52
activity#com.division70.jobbe.jobbe_git.ChangePhoneNumberActivity
ADDED from src/main/AndroidManifest.xml:233:9-235:57
	android:screenOrientation
		ADDED from src/main/AndroidManifest.xml:234:13-49
	android:windowSoftInputMode
		ADDED from src/main/AndroidManifest.xml:235:13-55
	android:name
		ADDED from src/main/AndroidManifest.xml:233:19-60
activity#com.division70.jobbe.jobbe_git.CustomCameraActivity
ADDED from src/main/AndroidManifest.xml:237:9-239:43
	android:label
		ADDED from src/main/AndroidManifest.xml:239:13-41
	android:icon
		ADDED from src/main/AndroidManifest.xml:238:13-56
	android:name
		ADDED from src/main/AndroidManifest.xml:237:19-55
receiver#com.division70.jobbe.jobbe_git.SmsReceiver
ADDED from src/main/AndroidManifest.xml:241:9-245:20
	android:exported
		ADDED from src/main/AndroidManifest.xml:241:47-70
	android:name
		ADDED from src/main/AndroidManifest.xml:241:19-46
intent-filter#android.provider.Telephony.SMS_RECEIVED
ADDED from src/main/AndroidManifest.xml:242:13-244:29
	android:priority
		ADDED from src/main/AndroidManifest.xml:242:28-51
action#android.provider.Telephony.SMS_RECEIVED
ADDED from src/main/AndroidManifest.xml:243:17-82
	android:name
		ADDED from src/main/AndroidManifest.xml:243:25-79
meta-data#com.parse.push.notification_icon
ADDED from src/main/AndroidManifest.xml:249:9-109
	android:resource
		ADDED from src/main/AndroidManifest.xml:249:68-106
	android:name
		ADDED from src/main/AndroidManifest.xml:249:20-67
service#com.parse.PushService
ADDED from src/main/AndroidManifest.xml:251:9-57
	android:name
		ADDED from src/main/AndroidManifest.xml:251:18-54
receiver#com.parse.ParsePushBroadcastReceiver
ADDED from src/main/AndroidManifest.xml:252:9-259:20
	android:exported
		ADDED from src/main/AndroidManifest.xml:253:13-37
	android:name
		ADDED from src/main/AndroidManifest.xml:252:19-70
intent-filter#com.parse.push.intent.DELETE+com.parse.push.intent.OPEN+com.parse.push.intent.RECEIVE
ADDED from src/main/AndroidManifest.xml:254:13-258:29
action#com.parse.push.intent.RECEIVE
ADDED from src/main/AndroidManifest.xml:255:17-72
	android:name
		ADDED from src/main/AndroidManifest.xml:255:25-69
action#com.parse.push.intent.DELETE
ADDED from src/main/AndroidManifest.xml:256:17-71
	android:name
		ADDED from src/main/AndroidManifest.xml:256:25-68
action#com.parse.push.intent.OPEN
ADDED from src/main/AndroidManifest.xml:257:17-69
	android:name
		ADDED from src/main/AndroidManifest.xml:257:25-66
receiver#com.division70.jobbe.jobbe_git.CustomPushReceiver
ADDED from src/main/AndroidManifest.xml:261:9-270:20
	android:enabled
		ADDED from src/main/AndroidManifest.xml:263:13-35
	android:exported
		ADDED from src/main/AndroidManifest.xml:262:13-37
	android:name
		ADDED from src/main/AndroidManifest.xml:261:19-83
receiver#com.parse.GcmBroadcastReceiver
ADDED from src/main/AndroidManifest.xml:272:9-280:20
	android:permission
		ADDED from src/main/AndroidManifest.xml:273:13-73
	android:name
		ADDED from src/main/AndroidManifest.xml:272:19-64
intent-filter#com.division70.jobbe.jobbe_git+com.google.android.c2dm.intent.RECEIVE+com.google.android.c2dm.intent.REGISTRATION
ADDED from src/main/AndroidManifest.xml:274:13-279:29
action#com.google.android.c2dm.intent.RECEIVE
ADDED from src/main/AndroidManifest.xml:275:17-81
	android:name
		ADDED from src/main/AndroidManifest.xml:275:25-78
action#com.google.android.c2dm.intent.REGISTRATION
ADDED from src/main/AndroidManifest.xml:276:17-86
	android:name
		ADDED from src/main/AndroidManifest.xml:276:25-83
category#com.division70.jobbe.jobbe_git
ADDED from src/main/AndroidManifest.xml:278:17-75
	android:name
		ADDED from src/main/AndroidManifest.xml:278:27-72
meta-data#com.parse.push.gcm_sender_id
ADDED from src/main/AndroidManifest.xml:281:9-282:47
	android:value
		ADDED from src/main/AndroidManifest.xml:282:13-44
	android:name
		ADDED from src/main/AndroidManifest.xml:281:20-63
uses-sdk
INJECTED from src/main/AndroidManifest.xml reason: use-sdk injection requested
MERGED from [com.android.support:multidex:1.0.1] AndroidManifest.xml:18:5-42
MERGED from [com.google.android.gms:play-services:8.4.0] AndroidManifest.xml:18:5-42
MERGED from [com.google.android.gms:play-services-ads:8.4.0] AndroidManifest.xml:23:5-42
MERGED from [com.google.android.gms:play-services-basement:8.4.0] AndroidManifest.xml:18:5-42
MERGED from [com.android.support:support-v4:23.2.1] AndroidManifest.xml:20:5-43
MERGED from [com.google.android.gms:play-services-analytics:8.4.0] AndroidManifest.xml:18:5-42
MERGED from [com.google.android.gms:play-services-appindexing:8.4.0] AndroidManifest.xml:18:5-42
MERGED from [com.google.android.gms:play-services-base:8.4.0] AndroidManifest.xml:18:5-42
MERGED from [com.google.android.gms:play-services-appinvite:8.4.0] AndroidManifest.xml:18:5-42
MERGED from [com.google.android.gms:play-services-appstate:8.4.0] AndroidManifest.xml:18:5-42
MERGED from [com.google.android.gms:play-services-auth:8.4.0] AndroidManifest.xml:18:5-43
MERGED from [com.google.android.gms:play-services-cast:8.4.0] AndroidManifest.xml:18:5-42
MERGED from [com.android.support:mediarouter-v7:23.0.0] AndroidManifest.xml:20:5-43
MERGED from [com.android.support:appcompat-v7:23.2.1] AndroidManifest.xml:21:5-23:78